The system is: Linux - 5.4.72-microsoft-standard-WSL2 - x86_64
Compiling the C compiler identification source file "CMakeCCompilerId.c" succeeded.
Compiler: /opt/rh/llvm-toolset-7/root/usr/bin/clang 
Build flags: 
Id flags:  

The output was:
0


Compilation of the C compiler identification source "CMakeCCompilerId.c" produced "a.out"

The C compiler identification is Clang, found in "/volvo/edb/dev/code/allinone/_3rdParty/Hunter/toolchain/_builds/CMakeFiles/3.21.1/CompilerIdC/a.out"

Compiling the CXX compiler identification source file "CMakeCXXCompilerId.cpp" succeeded.
Compiler: /opt/rh/llvm-toolset-7/root/usr/bin/clang++ 
Build flags: 
Id flags:  

The output was:
0


Compilation of the CXX compiler identification source "CMakeCXXCompilerId.cpp" produced "a.out"

The CXX compiler identification is Clang, found in "/volvo/edb/dev/code/allinone/_3rdParty/Hunter/toolchain/_builds/CMakeFiles/3.21.1/CompilerIdCXX/a.out"

Detecting C compiler ABI info compiled with the following output:
Change Dir: /volvo/edb/dev/code/allinone/_3rdParty/Hunter/toolchain/_builds/CMakeFiles/CMakeTmp

Run Build Command(s):/usr/bin/gmake -f Makefile cmTC_50d3b/fast && gmake: Warning: File `Makefile' has modification time 0.48 s in the future
/usr/bin/gmake  -f CMakeFiles/cmTC_50d3b.dir/build.make CMakeFiles/cmTC_50d3b.dir/build
gmake[1]: Entering directory `/volvo/edb/dev/code/allinone/_3rdParty/Hunter/toolchain/_builds/CMakeFiles/CMakeTmp'
gmake[1]: Warning: File `CMakeFiles/cmTC_50d3b.dir/flags.make' has modification time 0.42 s in the future
Building C object CMakeFiles/cmTC_50d3b.dir/CMakeCCompilerABI.c.o
/opt/rh/llvm-toolset-7/root/usr/bin/clang   -fPIE   -v -MD -MT CMakeFiles/cmTC_50d3b.dir/CMakeCCompilerABI.c.o -MF CMakeFiles/cmTC_50d3b.dir/CMakeCCompilerABI.c.o.d -o CMakeFiles/cmTC_50d3b.dir/CMakeCCompilerABI.c.o -c /usr/local/share/cmake-3.21/Modules/CMakeCCompilerABI.c
clang version 5.0.1 (tags/RELEASE_501/final)
Target: x86_64-unknown-linux-gnu
Thread model: posix
InstalledDir: /opt/rh/llvm-toolset-7/root/usr/bin
Found candidate GCC installation: /opt/rh/devtoolset-7/root/usr/lib/gcc/x86_64-redhat-linux/7
Found candidate GCC installation: /usr/lib/gcc/x86_64-redhat-linux/4.8.2
Found candidate GCC installation: /usr/lib/gcc/x86_64-redhat-linux/4.8.5
Selected GCC installation: /opt/rh/devtoolset-7/root/usr/lib/gcc/x86_64-redhat-linux/7
Candidate multilib: .;@m64
Candidate multilib: 32;@m32
Selected multilib: .;@m64
 "/opt/rh/llvm-toolset-7/root/usr/bin/clang-5.0" -cc1 -triple x86_64-unknown-linux-gnu -emit-obj -mrelax-all -disable-free -disable-llvm-verifier -discard-value-names -main-file-name CMakeCCompilerABI.c -mrelocation-model pic -pic-level 2 -pic-is-pie -mthread-model posix -mdisable-fp-elim -fmath-errno -masm-verbose -mconstructor-aliases -munwind-tables -fuse-init-array -target-cpu x86-64 -v -dwarf-column-info -debugger-tuning=gdb -coverage-notes-file /volvo/edb/dev/code/allinone/_3rdParty/Hunter/toolchain/_builds/CMakeFiles/CMakeTmp/CMakeFiles/cmTC_50d3b.dir/CMakeCCompilerABI.c.gcno -resource-dir /opt/rh/llvm-toolset-7/root/usr/lib64/clang/5.0.1 -dependency-file CMakeFiles/cmTC_50d3b.dir/CMakeCCompilerABI.c.o.d -sys-header-deps -MT CMakeFiles/cmTC_50d3b.dir/CMakeCCompilerABI.c.o -internal-isystem /usr/local/include -internal-isystem /opt/rh/llvm-toolset-7/root/usr/lib64/clang/5.0.1/include -internal-externc-isystem /include -internal-externc-isystem /usr/include -fdebug-compilation-dir /volvo/edb/dev/code/allinone/_3rdParty/Hunter/toolchain/_builds/CMakeFiles/CMakeTmp -ferror-limit 19 -fmessage-length 0 -fobjc-runtime=gcc -fdiagnostics-show-option -o CMakeFiles/cmTC_50d3b.dir/CMakeCCompilerABI.c.o -x c /usr/local/share/cmake-3.21/Modules/CMakeCCompilerABI.c
clang -cc1 version 5.0.1 based upon LLVM 5.0.1 default target x86_64-unknown-linux-gnu
ignoring nonexistent directory "/include"
#include "..." search starts here:
#include <...> search starts here:
 /usr/local/include
 /opt/rh/llvm-toolset-7/root/usr/lib64/clang/5.0.1/include
 /usr/include
End of search list.
Linking C executable cmTC_50d3b
/usr/local/bin/cmake -E cmake_link_script CMakeFiles/cmTC_50d3b.dir/link.txt --verbose=1
/opt/rh/llvm-toolset-7/root/usr/bin/clang  -v -rdynamic CMakeFiles/cmTC_50d3b.dir/CMakeCCompilerABI.c.o -o cmTC_50d3b 
clang version 5.0.1 (tags/RELEASE_501/final)
Target: x86_64-unknown-linux-gnu
Thread model: posix
InstalledDir: /opt/rh/llvm-toolset-7/root/usr/bin
Found candidate GCC installation: /opt/rh/devtoolset-7/root/usr/lib/gcc/x86_64-redhat-linux/7
Found candidate GCC installation: /usr/lib/gcc/x86_64-redhat-linux/4.8.2
Found candidate GCC installation: /usr/lib/gcc/x86_64-redhat-linux/4.8.5
Selected GCC installation: /opt/rh/devtoolset-7/root/usr/lib/gcc/x86_64-redhat-linux/7
Candidate multilib: .;@m64
Candidate multilib: 32;@m32
Selected multilib: .;@m64
 "/opt/rh/devtoolset-7/root/usr/lib/gcc/x86_64-redhat-linux/7/../../../../bin/ld" -export-dynamic --hash-style=gnu --no-add-needed --build-id --eh-frame-hdr -m elf_x86_64 -export-dynamic -dynamic-linker /lib64/ld-linux-x86-64.so.2 -o cmTC_50d3b /lib/../lib64/crt1.o /lib/../lib64/crti.o /opt/rh/devtoolset-7/root/usr/lib/gcc/x86_64-redhat-linux/7/crtbegin.o -L/opt/rh/devtoolset-7/root/usr/lib/gcc/x86_64-redhat-linux/7 -L/opt/rh/devtoolset-7/root/usr/lib/gcc/x86_64-redhat-linux/7/../../../../lib64 -L/opt/rh/llvm-toolset-7/root/usr/bin/../lib64 -L/lib/../lib64 -L/usr/lib/../lib64 -L/opt/rh/devtoolset-7/root/usr/lib/gcc/x86_64-redhat-linux/7/../../.. -L/opt/rh/llvm-toolset-7/root/usr/bin/../lib -L/lib -L/usr/lib CMakeFiles/cmTC_50d3b.dir/CMakeCCompilerABI.c.o -lgcc --as-needed -lgcc_s --no-as-needed -lc -lgcc --as-needed -lgcc_s --no-as-needed /opt/rh/devtoolset-7/root/usr/lib/gcc/x86_64-redhat-linux/7/crtend.o /lib/../lib64/crtn.o
gmake[1]: warning:  Clock skew detected.  Your build may be incomplete.
gmake[1]: Leaving directory `/volvo/edb/dev/code/allinone/_3rdParty/Hunter/toolchain/_builds/CMakeFiles/CMakeTmp'
gmake: warning:  Clock skew detected.  Your build may be incomplete.



Parsed C implicit include dir info from above output: rv=done
  found start of include info
  found start of implicit include info
    add: [/usr/local/include]
    add: [/opt/rh/llvm-toolset-7/root/usr/lib64/clang/5.0.1/include]
    add: [/usr/include]
  end of search list found
  collapse include dir [/usr/local/include] ==> [/usr/local/include]
  collapse include dir [/opt/rh/llvm-toolset-7/root/usr/lib64/clang/5.0.1/include] ==> [/opt/rh/llvm-toolset-7/root/usr/lib64/clang/5.0.1/include]
  collapse include dir [/usr/include] ==> [/usr/include]
  implicit include dirs: [/usr/local/include;/opt/rh/llvm-toolset-7/root/usr/lib64/clang/5.0.1/include;/usr/include]


Parsed C implicit link information from above output:
  link line regex: [^( *|.*[/\])(CMAKE_LINKER-NOTFOUND|CMAKE_LINK_STARTFILE-NOTFOUND|([^/\]+-)?ld|collect2)[^/\]*( |$)]
  ignore line: [Change Dir: /volvo/edb/dev/code/allinone/_3rdParty/Hunter/toolchain/_builds/CMakeFiles/CMakeTmp]
  ignore line: []
  ignore line: [Run Build Command(s):/usr/bin/gmake -f Makefile cmTC_50d3b/fast && gmake: Warning: File `Makefile' has modification time 0.48 s in the future]
  ignore line: [/usr/bin/gmake  -f CMakeFiles/cmTC_50d3b.dir/build.make CMakeFiles/cmTC_50d3b.dir/build]
  ignore line: [gmake[1]: Entering directory `/volvo/edb/dev/code/allinone/_3rdParty/Hunter/toolchain/_builds/CMakeFiles/CMakeTmp']
  ignore line: [gmake[1]: Warning: File `CMakeFiles/cmTC_50d3b.dir/flags.make' has modification time 0.42 s in the future]
  ignore line: [Building C object CMakeFiles/cmTC_50d3b.dir/CMakeCCompilerABI.c.o]
  ignore line: [/opt/rh/llvm-toolset-7/root/usr/bin/clang   -fPIE   -v -MD -MT CMakeFiles/cmTC_50d3b.dir/CMakeCCompilerABI.c.o -MF CMakeFiles/cmTC_50d3b.dir/CMakeCCompilerABI.c.o.d -o CMakeFiles/cmTC_50d3b.dir/CMakeCCompilerABI.c.o -c /usr/local/share/cmake-3.21/Modules/CMakeCCompilerABI.c]
  ignore line: [clang version 5.0.1 (tags/RELEASE_501/final)]
  ignore line: [Target: x86_64-unknown-linux-gnu]
  ignore line: [Thread model: posix]
  ignore line: [InstalledDir: /opt/rh/llvm-toolset-7/root/usr/bin]
  ignore line: [Found candidate GCC installation: /opt/rh/devtoolset-7/root/usr/lib/gcc/x86_64-redhat-linux/7]
  ignore line: [Found candidate GCC installation: /usr/lib/gcc/x86_64-redhat-linux/4.8.2]
  ignore line: [Found candidate GCC installation: /usr/lib/gcc/x86_64-redhat-linux/4.8.5]
  ignore line: [Selected GCC installation: /opt/rh/devtoolset-7/root/usr/lib/gcc/x86_64-redhat-linux/7]
  ignore line: [Candidate multilib: .]
  ignore line: [@m64]
  ignore line: [Candidate multilib: 32]
  ignore line: [@m32]
  ignore line: [Selected multilib: .]
  ignore line: [@m64]
  ignore line: [ "/opt/rh/llvm-toolset-7/root/usr/bin/clang-5.0" -cc1 -triple x86_64-unknown-linux-gnu -emit-obj -mrelax-all -disable-free -disable-llvm-verifier -discard-value-names -main-file-name CMakeCCompilerABI.c -mrelocation-model pic -pic-level 2 -pic-is-pie -mthread-model posix -mdisable-fp-elim -fmath-errno -masm-verbose -mconstructor-aliases -munwind-tables -fuse-init-array -target-cpu x86-64 -v -dwarf-column-info -debugger-tuning=gdb -coverage-notes-file /volvo/edb/dev/code/allinone/_3rdParty/Hunter/toolchain/_builds/CMakeFiles/CMakeTmp/CMakeFiles/cmTC_50d3b.dir/CMakeCCompilerABI.c.gcno -resource-dir /opt/rh/llvm-toolset-7/root/usr/lib64/clang/5.0.1 -dependency-file CMakeFiles/cmTC_50d3b.dir/CMakeCCompilerABI.c.o.d -sys-header-deps -MT CMakeFiles/cmTC_50d3b.dir/CMakeCCompilerABI.c.o -internal-isystem /usr/local/include -internal-isystem /opt/rh/llvm-toolset-7/root/usr/lib64/clang/5.0.1/include -internal-externc-isystem /include -internal-externc-isystem /usr/include -fdebug-compilation-dir /volvo/edb/dev/code/allinone/_3rdParty/Hunter/toolchain/_builds/CMakeFiles/CMakeTmp -ferror-limit 19 -fmessage-length 0 -fobjc-runtime=gcc -fdiagnostics-show-option -o CMakeFiles/cmTC_50d3b.dir/CMakeCCompilerABI.c.o -x c /usr/local/share/cmake-3.21/Modules/CMakeCCompilerABI.c]
  ignore line: [clang -cc1 version 5.0.1 based upon LLVM 5.0.1 default target x86_64-unknown-linux-gnu]
  ignore line: [ignoring nonexistent directory "/include"]
  ignore line: [#include "..." search starts here:]
  ignore line: [#include <...> search starts here:]
  ignore line: [ /usr/local/include]
  ignore line: [ /opt/rh/llvm-toolset-7/root/usr/lib64/clang/5.0.1/include]
  ignore line: [ /usr/include]
  ignore line: [End of search list.]
  ignore line: [Linking C executable cmTC_50d3b]
  ignore line: [/usr/local/bin/cmake -E cmake_link_script CMakeFiles/cmTC_50d3b.dir/link.txt --verbose=1]
  ignore line: [/opt/rh/llvm-toolset-7/root/usr/bin/clang  -v -rdynamic CMakeFiles/cmTC_50d3b.dir/CMakeCCompilerABI.c.o -o cmTC_50d3b ]
  ignore line: [clang version 5.0.1 (tags/RELEASE_501/final)]
  ignore line: [Target: x86_64-unknown-linux-gnu]
  ignore line: [Thread model: posix]
  ignore line: [InstalledDir: /opt/rh/llvm-toolset-7/root/usr/bin]
  ignore line: [Found candidate GCC installation: /opt/rh/devtoolset-7/root/usr/lib/gcc/x86_64-redhat-linux/7]
  ignore line: [Found candidate GCC installation: /usr/lib/gcc/x86_64-redhat-linux/4.8.2]
  ignore line: [Found candidate GCC installation: /usr/lib/gcc/x86_64-redhat-linux/4.8.5]
  ignore line: [Selected GCC installation: /opt/rh/devtoolset-7/root/usr/lib/gcc/x86_64-redhat-linux/7]
  ignore line: [Candidate multilib: .]
  ignore line: [@m64]
  ignore line: [Candidate multilib: 32]
  ignore line: [@m32]
  ignore line: [Selected multilib: .]
  ignore line: [@m64]
  link line: [ "/opt/rh/devtoolset-7/root/usr/lib/gcc/x86_64-redhat-linux/7/../../../../bin/ld" -export-dynamic --hash-style=gnu --no-add-needed --build-id --eh-frame-hdr -m elf_x86_64 -export-dynamic -dynamic-linker /lib64/ld-linux-x86-64.so.2 -o cmTC_50d3b /lib/../lib64/crt1.o /lib/../lib64/crti.o /opt/rh/devtoolset-7/root/usr/lib/gcc/x86_64-redhat-linux/7/crtbegin.o -L/opt/rh/devtoolset-7/root/usr/lib/gcc/x86_64-redhat-linux/7 -L/opt/rh/devtoolset-7/root/usr/lib/gcc/x86_64-redhat-linux/7/../../../../lib64 -L/opt/rh/llvm-toolset-7/root/usr/bin/../lib64 -L/lib/../lib64 -L/usr/lib/../lib64 -L/opt/rh/devtoolset-7/root/usr/lib/gcc/x86_64-redhat-linux/7/../../.. -L/opt/rh/llvm-toolset-7/root/usr/bin/../lib -L/lib -L/usr/lib CMakeFiles/cmTC_50d3b.dir/CMakeCCompilerABI.c.o -lgcc --as-needed -lgcc_s --no-as-needed -lc -lgcc --as-needed -lgcc_s --no-as-needed /opt/rh/devtoolset-7/root/usr/lib/gcc/x86_64-redhat-linux/7/crtend.o /lib/../lib64/crtn.o]
    arg [/opt/rh/devtoolset-7/root/usr/lib/gcc/x86_64-redhat-linux/7/../../../../bin/ld] ==> ignore
    arg [-export-dynamic] ==> ignore
    arg [--hash-style=gnu] ==> ignore
    arg [--no-add-needed] ==> ignore
    arg [--build-id] ==> ignore
    arg [--eh-frame-hdr] ==> ignore
    arg [-m] ==> ignore
    arg [elf_x86_64] ==> ignore
    arg [-export-dynamic] ==> ignore
    arg [-dynamic-linker] ==> ignore
    arg [/lib64/ld-linux-x86-64.so.2] ==> ignore
    arg [-o] ==> ignore
    arg [cmTC_50d3b] ==> ignore
    arg [/lib/../lib64/crt1.o] ==> obj [/lib/../lib64/crt1.o]
    arg [/lib/../lib64/crti.o] ==> obj [/lib/../lib64/crti.o]
    arg [/opt/rh/devtoolset-7/root/usr/lib/gcc/x86_64-redhat-linux/7/crtbegin.o] ==> obj [/opt/rh/devtoolset-7/root/usr/lib/gcc/x86_64-redhat-linux/7/crtbegin.o]
    arg [-L/opt/rh/devtoolset-7/root/usr/lib/gcc/x86_64-redhat-linux/7] ==> dir [/opt/rh/devtoolset-7/root/usr/lib/gcc/x86_64-redhat-linux/7]
    arg [-L/opt/rh/devtoolset-7/root/usr/lib/gcc/x86_64-redhat-linux/7/../../../../lib64] ==> dir [/opt/rh/devtoolset-7/root/usr/lib/gcc/x86_64-redhat-linux/7/../../../../lib64]
    arg [-L/opt/rh/llvm-toolset-7/root/usr/bin/../lib64] ==> dir [/opt/rh/llvm-toolset-7/root/usr/bin/../lib64]
    arg [-L/lib/../lib64] ==> dir [/lib/../lib64]
    arg [-L/usr/lib/../lib64] ==> dir [/usr/lib/../lib64]
    arg [-L/opt/rh/devtoolset-7/root/usr/lib/gcc/x86_64-redhat-linux/7/../../..] ==> dir [/opt/rh/devtoolset-7/root/usr/lib/gcc/x86_64-redhat-linux/7/../../..]
    arg [-L/opt/rh/llvm-toolset-7/root/usr/bin/../lib] ==> dir [/opt/rh/llvm-toolset-7/root/usr/bin/../lib]
    arg [-L/lib] ==> dir [/lib]
    arg [-L/usr/lib] ==> dir [/usr/lib]
    arg [CMakeFiles/cmTC_50d3b.dir/CMakeCCompilerABI.c.o] ==> ignore
    arg [-lgcc] ==> lib [gcc]
    arg [--as-needed] ==> ignore
    arg [-lgcc_s] ==> lib [gcc_s]
    arg [--no-as-needed] ==> ignore
    arg [-lc] ==> lib [c]
    arg [-lgcc] ==> lib [gcc]
    arg [--as-needed] ==> ignore
    arg [-lgcc_s] ==> lib [gcc_s]
    arg [--no-as-needed] ==> ignore
    arg [/opt/rh/devtoolset-7/root/usr/lib/gcc/x86_64-redhat-linux/7/crtend.o] ==> obj [/opt/rh/devtoolset-7/root/usr/lib/gcc/x86_64-redhat-linux/7/crtend.o]
    arg [/lib/../lib64/crtn.o] ==> obj [/lib/../lib64/crtn.o]
  collapse obj [/lib/../lib64/crt1.o] ==> [/lib64/crt1.o]
  collapse obj [/lib/../lib64/crti.o] ==> [/lib64/crti.o]
  collapse obj [/lib/../lib64/crtn.o] ==> [/lib64/crtn.o]
  collapse library dir [/opt/rh/devtoolset-7/root/usr/lib/gcc/x86_64-redhat-linux/7] ==> [/opt/rh/devtoolset-7/root/usr/lib/gcc/x86_64-redhat-linux/7]
  collapse library dir [/opt/rh/devtoolset-7/root/usr/lib/gcc/x86_64-redhat-linux/7/../../../../lib64] ==> [/opt/rh/devtoolset-7/root/usr/lib64]
  collapse library dir [/opt/rh/llvm-toolset-7/root/usr/bin/../lib64] ==> [/opt/rh/llvm-toolset-7/root/usr/lib64]
  collapse library dir [/lib/../lib64] ==> [/lib64]
  collapse library dir [/usr/lib/../lib64] ==> [/usr/lib64]
  collapse library dir [/opt/rh/devtoolset-7/root/usr/lib/gcc/x86_64-redhat-linux/7/../../..] ==> [/opt/rh/devtoolset-7/root/usr/lib]
  collapse library dir [/opt/rh/llvm-toolset-7/root/usr/bin/../lib] ==> [/opt/rh/llvm-toolset-7/root/usr/lib]
  collapse library dir [/lib] ==> [/lib]
  collapse library dir [/usr/lib] ==> [/usr/lib]
  implicit libs: [gcc;gcc_s;c;gcc;gcc_s]
  implicit objs: [/lib64/crt1.o;/lib64/crti.o;/opt/rh/devtoolset-7/root/usr/lib/gcc/x86_64-redhat-linux/7/crtbegin.o;/opt/rh/devtoolset-7/root/usr/lib/gcc/x86_64-redhat-linux/7/crtend.o;/lib64/crtn.o]
  implicit dirs: [/opt/rh/devtoolset-7/root/usr/lib/gcc/x86_64-redhat-linux/7;/opt/rh/devtoolset-7/root/usr/lib64;/opt/rh/llvm-toolset-7/root/usr/lib64;/lib64;/usr/lib64;/opt/rh/devtoolset-7/root/usr/lib;/opt/rh/llvm-toolset-7/root/usr/lib;/lib;/usr/lib]
  implicit fwks: []


Detecting CXX compiler ABI info compiled with the following output:
Change Dir: /volvo/edb/dev/code/allinone/_3rdParty/Hunter/toolchain/_builds/CMakeFiles/CMakeTmp

Run Build Command(s):/usr/bin/gmake -f Makefile cmTC_2f486/fast && gmake: Warning: File `Makefile' has modification time 0.56 s in the future
/usr/bin/gmake  -f CMakeFiles/cmTC_2f486.dir/build.make CMakeFiles/cmTC_2f486.dir/build
gmake[1]: Entering directory `/volvo/edb/dev/code/allinone/_3rdParty/Hunter/toolchain/_builds/CMakeFiles/CMakeTmp'
gmake[1]: Warning: File `CMakeFiles/cmTC_2f486.dir/flags.make' has modification time 0.5 s in the future
Building CXX object CMakeFiles/cmTC_2f486.dir/CMakeCXXCompilerABI.cpp.o
/opt/rh/llvm-toolset-7/root/usr/bin/clang++   -fPIE   -v -std=c++11 -MD -MT CMakeFiles/cmTC_2f486.dir/CMakeCXXCompilerABI.cpp.o -MF CMakeFiles/cmTC_2f486.dir/CMakeCXXCompilerABI.cpp.o.d -o CMakeFiles/cmTC_2f486.dir/CMakeCXXCompilerABI.cpp.o -c /usr/local/share/cmake-3.21/Modules/CMakeCXXCompilerABI.cpp
clang version 5.0.1 (tags/RELEASE_501/final)
Target: x86_64-unknown-linux-gnu
Thread model: posix
InstalledDir: /opt/rh/llvm-toolset-7/root/usr/bin
Found candidate GCC installation: /opt/rh/devtoolset-7/root/usr/lib/gcc/x86_64-redhat-linux/7
Found candidate GCC installation: /usr/lib/gcc/x86_64-redhat-linux/4.8.2
Found candidate GCC installation: /usr/lib/gcc/x86_64-redhat-linux/4.8.5
Selected GCC installation: /opt/rh/devtoolset-7/root/usr/lib/gcc/x86_64-redhat-linux/7
Candidate multilib: .;@m64
Candidate multilib: 32;@m32
Selected multilib: .;@m64
 "/opt/rh/llvm-toolset-7/root/usr/bin/clang-5.0" -cc1 -triple x86_64-unknown-linux-gnu -emit-obj -mrelax-all -disable-free -disable-llvm-verifier -discard-value-names -main-file-name CMakeCXXCompilerABI.cpp -mrelocation-model pic -pic-level 2 -pic-is-pie -mthread-model posix -mdisable-fp-elim -fmath-errno -masm-verbose -mconstructor-aliases -munwind-tables -fuse-init-array -target-cpu x86-64 -v -dwarf-column-info -debugger-tuning=gdb -coverage-notes-file /volvo/edb/dev/code/allinone/_3rdParty/Hunter/toolchain/_builds/CMakeFiles/CMakeTmp/CMakeFiles/cmTC_2f486.dir/CMakeCXXCompilerABI.cpp.gcno -resource-dir /opt/rh/llvm-toolset-7/root/usr/lib64/clang/5.0.1 -dependency-file CMakeFiles/cmTC_2f486.dir/CMakeCXXCompilerABI.cpp.o.d -sys-header-deps -MT CMakeFiles/cmTC_2f486.dir/CMakeCXXCompilerABI.cpp.o -internal-isystem /opt/rh/devtoolset-7/root/usr/lib/gcc/x86_64-redhat-linux/7/../../../../include/c++/7 -internal-isystem /opt/rh/devtoolset-7/root/usr/lib/gcc/x86_64-redhat-linux/7/../../../../include/c++/7/x86_64-redhat-linux -internal-isystem /opt/rh/devtoolset-7/root/usr/lib/gcc/x86_64-redhat-linux/7/../../../../include/c++/7/backward -internal-isystem /usr/local/include -internal-isystem /opt/rh/llvm-toolset-7/root/usr/lib64/clang/5.0.1/include -internal-externc-isystem /include -internal-externc-isystem /usr/include -std=c++11 -fdeprecated-macro -fdebug-compilation-dir /volvo/edb/dev/code/allinone/_3rdParty/Hunter/toolchain/_builds/CMakeFiles/CMakeTmp -ferror-limit 19 -fmessage-length 0 -fobjc-runtime=gcc -fcxx-exceptions -fexceptions -fdiagnostics-show-option -o CMakeFiles/cmTC_2f486.dir/CMakeCXXCompilerABI.cpp.o -x c++ /usr/local/share/cmake-3.21/Modules/CMakeCXXCompilerABI.cpp
clang -cc1 version 5.0.1 based upon LLVM 5.0.1 default target x86_64-unknown-linux-gnu
ignoring nonexistent directory "/include"
#include "..." search starts here:
#include <...> search starts here:
 /opt/rh/devtoolset-7/root/usr/lib/gcc/x86_64-redhat-linux/7/../../../../include/c++/7
 /opt/rh/devtoolset-7/root/usr/lib/gcc/x86_64-redhat-linux/7/../../../../include/c++/7/x86_64-redhat-linux
 /opt/rh/devtoolset-7/root/usr/lib/gcc/x86_64-redhat-linux/7/../../../../include/c++/7/backward
 /usr/local/include
 /opt/rh/llvm-toolset-7/root/usr/lib64/clang/5.0.1/include
 /usr/include
End of search list.
Linking CXX executable cmTC_2f486
/usr/local/bin/cmake -E cmake_link_script CMakeFiles/cmTC_2f486.dir/link.txt --verbose=1
/opt/rh/llvm-toolset-7/root/usr/bin/clang++  -v -rdynamic CMakeFiles/cmTC_2f486.dir/CMakeCXXCompilerABI.cpp.o -o cmTC_2f486 
clang version 5.0.1 (tags/RELEASE_501/final)
Target: x86_64-unknown-linux-gnu
Thread model: posix
InstalledDir: /opt/rh/llvm-toolset-7/root/usr/bin
Found candidate GCC installation: /opt/rh/devtoolset-7/root/usr/lib/gcc/x86_64-redhat-linux/7
Found candidate GCC installation: /usr/lib/gcc/x86_64-redhat-linux/4.8.2
Found candidate GCC installation: /usr/lib/gcc/x86_64-redhat-linux/4.8.5
Selected GCC installation: /opt/rh/devtoolset-7/root/usr/lib/gcc/x86_64-redhat-linux/7
Candidate multilib: .;@m64
Candidate multilib: 32;@m32
Selected multilib: .;@m64
 "/opt/rh/devtoolset-7/root/usr/lib/gcc/x86_64-redhat-linux/7/../../../../bin/ld" -export-dynamic --hash-style=gnu --no-add-needed --build-id --eh-frame-hdr -m elf_x86_64 -export-dynamic -dynamic-linker /lib64/ld-linux-x86-64.so.2 -o cmTC_2f486 /lib/../lib64/crt1.o /lib/../lib64/crti.o /opt/rh/devtoolset-7/root/usr/lib/gcc/x86_64-redhat-linux/7/crtbegin.o -L/opt/rh/devtoolset-7/root/usr/lib/gcc/x86_64-redhat-linux/7 -L/opt/rh/devtoolset-7/root/usr/lib/gcc/x86_64-redhat-linux/7/../../../../lib64 -L/opt/rh/llvm-toolset-7/root/usr/bin/../lib64 -L/lib/../lib64 -L/usr/lib/../lib64 -L/opt/rh/devtoolset-7/root/usr/lib/gcc/x86_64-redhat-linux/7/../../.. -L/opt/rh/llvm-toolset-7/root/usr/bin/../lib -L/lib -L/usr/lib CMakeFiles/cmTC_2f486.dir/CMakeCXXCompilerABI.cpp.o -lstdc++ -lm -lgcc_s -lgcc -lc -lgcc_s -lgcc /opt/rh/devtoolset-7/root/usr/lib/gcc/x86_64-redhat-linux/7/crtend.o /lib/../lib64/crtn.o
gmake[1]: warning:  Clock skew detected.  Your build may be incomplete.
gmake[1]: Leaving directory `/volvo/edb/dev/code/allinone/_3rdParty/Hunter/toolchain/_builds/CMakeFiles/CMakeTmp'
gmake: warning:  Clock skew detected.  Your build may be incomplete.



Parsed CXX implicit include dir info from above output: rv=done
  found start of include info
  found start of implicit include info
    add: [/opt/rh/devtoolset-7/root/usr/lib/gcc/x86_64-redhat-linux/7/../../../../include/c++/7]
    add: [/opt/rh/devtoolset-7/root/usr/lib/gcc/x86_64-redhat-linux/7/../../../../include/c++/7/x86_64-redhat-linux]
    add: [/opt/rh/devtoolset-7/root/usr/lib/gcc/x86_64-redhat-linux/7/../../../../include/c++/7/backward]
    add: [/usr/local/include]
    add: [/opt/rh/llvm-toolset-7/root/usr/lib64/clang/5.0.1/include]
    add: [/usr/include]
  end of search list found
  collapse include dir [/opt/rh/devtoolset-7/root/usr/lib/gcc/x86_64-redhat-linux/7/../../../../include/c++/7] ==> [/opt/rh/devtoolset-7/root/usr/include/c++/7]
  collapse include dir [/opt/rh/devtoolset-7/root/usr/lib/gcc/x86_64-redhat-linux/7/../../../../include/c++/7/x86_64-redhat-linux] ==> [/opt/rh/devtoolset-7/root/usr/include/c++/7/x86_64-redhat-linux]
  collapse include dir [/opt/rh/devtoolset-7/root/usr/lib/gcc/x86_64-redhat-linux/7/../../../../include/c++/7/backward] ==> [/opt/rh/devtoolset-7/root/usr/include/c++/7/backward]
  collapse include dir [/usr/local/include] ==> [/usr/local/include]
  collapse include dir [/opt/rh/llvm-toolset-7/root/usr/lib64/clang/5.0.1/include] ==> [/opt/rh/llvm-toolset-7/root/usr/lib64/clang/5.0.1/include]
  collapse include dir [/usr/include] ==> [/usr/include]
  implicit include dirs: [/opt/rh/devtoolset-7/root/usr/include/c++/7;/opt/rh/devtoolset-7/root/usr/include/c++/7/x86_64-redhat-linux;/opt/rh/devtoolset-7/root/usr/include/c++/7/backward;/usr/local/include;/opt/rh/llvm-toolset-7/root/usr/lib64/clang/5.0.1/include;/usr/include]


Parsed CXX implicit link information from above output:
  link line regex: [^( *|.*[/\])(CMAKE_LINKER-NOTFOUND|CMAKE_LINK_STARTFILE-NOTFOUND|([^/\]+-)?ld|collect2)[^/\]*( |$)]
  ignore line: [Change Dir: /volvo/edb/dev/code/allinone/_3rdParty/Hunter/toolchain/_builds/CMakeFiles/CMakeTmp]
  ignore line: []
  ignore line: [Run Build Command(s):/usr/bin/gmake -f Makefile cmTC_2f486/fast && gmake: Warning: File `Makefile' has modification time 0.56 s in the future]
  ignore line: [/usr/bin/gmake  -f CMakeFiles/cmTC_2f486.dir/build.make CMakeFiles/cmTC_2f486.dir/build]
  ignore line: [gmake[1]: Entering directory `/volvo/edb/dev/code/allinone/_3rdParty/Hunter/toolchain/_builds/CMakeFiles/CMakeTmp']
  ignore line: [gmake[1]: Warning: File `CMakeFiles/cmTC_2f486.dir/flags.make' has modification time 0.5 s in the future]
  ignore line: [Building CXX object CMakeFiles/cmTC_2f486.dir/CMakeCXXCompilerABI.cpp.o]
  ignore line: [/opt/rh/llvm-toolset-7/root/usr/bin/clang++   -fPIE   -v -std=c++11 -MD -MT CMakeFiles/cmTC_2f486.dir/CMakeCXXCompilerABI.cpp.o -MF CMakeFiles/cmTC_2f486.dir/CMakeCXXCompilerABI.cpp.o.d -o CMakeFiles/cmTC_2f486.dir/CMakeCXXCompilerABI.cpp.o -c /usr/local/share/cmake-3.21/Modules/CMakeCXXCompilerABI.cpp]
  ignore line: [clang version 5.0.1 (tags/RELEASE_501/final)]
  ignore line: [Target: x86_64-unknown-linux-gnu]
  ignore line: [Thread model: posix]
  ignore line: [InstalledDir: /opt/rh/llvm-toolset-7/root/usr/bin]
  ignore line: [Found candidate GCC installation: /opt/rh/devtoolset-7/root/usr/lib/gcc/x86_64-redhat-linux/7]
  ignore line: [Found candidate GCC installation: /usr/lib/gcc/x86_64-redhat-linux/4.8.2]
  ignore line: [Found candidate GCC installation: /usr/lib/gcc/x86_64-redhat-linux/4.8.5]
  ignore line: [Selected GCC installation: /opt/rh/devtoolset-7/root/usr/lib/gcc/x86_64-redhat-linux/7]
  ignore line: [Candidate multilib: .]
  ignore line: [@m64]
  ignore line: [Candidate multilib: 32]
  ignore line: [@m32]
  ignore line: [Selected multilib: .]
  ignore line: [@m64]
  ignore line: [ "/opt/rh/llvm-toolset-7/root/usr/bin/clang-5.0" -cc1 -triple x86_64-unknown-linux-gnu -emit-obj -mrelax-all -disable-free -disable-llvm-verifier -discard-value-names -main-file-name CMakeCXXCompilerABI.cpp -mrelocation-model pic -pic-level 2 -pic-is-pie -mthread-model posix -mdisable-fp-elim -fmath-errno -masm-verbose -mconstructor-aliases -munwind-tables -fuse-init-array -target-cpu x86-64 -v -dwarf-column-info -debugger-tuning=gdb -coverage-notes-file /volvo/edb/dev/code/allinone/_3rdParty/Hunter/toolchain/_builds/CMakeFiles/CMakeTmp/CMakeFiles/cmTC_2f486.dir/CMakeCXXCompilerABI.cpp.gcno -resource-dir /opt/rh/llvm-toolset-7/root/usr/lib64/clang/5.0.1 -dependency-file CMakeFiles/cmTC_2f486.dir/CMakeCXXCompilerABI.cpp.o.d -sys-header-deps -MT CMakeFiles/cmTC_2f486.dir/CMakeCXXCompilerABI.cpp.o -internal-isystem /opt/rh/devtoolset-7/root/usr/lib/gcc/x86_64-redhat-linux/7/../../../../include/c++/7 -internal-isystem /opt/rh/devtoolset-7/root/usr/lib/gcc/x86_64-redhat-linux/7/../../../../include/c++/7/x86_64-redhat-linux -internal-isystem /opt/rh/devtoolset-7/root/usr/lib/gcc/x86_64-redhat-linux/7/../../../../include/c++/7/backward -internal-isystem /usr/local/include -internal-isystem /opt/rh/llvm-toolset-7/root/usr/lib64/clang/5.0.1/include -internal-externc-isystem /include -internal-externc-isystem /usr/include -std=c++11 -fdeprecated-macro -fdebug-compilation-dir /volvo/edb/dev/code/allinone/_3rdParty/Hunter/toolchain/_builds/CMakeFiles/CMakeTmp -ferror-limit 19 -fmessage-length 0 -fobjc-runtime=gcc -fcxx-exceptions -fexceptions -fdiagnostics-show-option -o CMakeFiles/cmTC_2f486.dir/CMakeCXXCompilerABI.cpp.o -x c++ /usr/local/share/cmake-3.21/Modules/CMakeCXXCompilerABI.cpp]
  ignore line: [clang -cc1 version 5.0.1 based upon LLVM 5.0.1 default target x86_64-unknown-linux-gnu]
  ignore line: [ignoring nonexistent directory "/include"]
  ignore line: [#include "..." search starts here:]
  ignore line: [#include <...> search starts here:]
  ignore line: [ /opt/rh/devtoolset-7/root/usr/lib/gcc/x86_64-redhat-linux/7/../../../../include/c++/7]
  ignore line: [ /opt/rh/devtoolset-7/root/usr/lib/gcc/x86_64-redhat-linux/7/../../../../include/c++/7/x86_64-redhat-linux]
  ignore line: [ /opt/rh/devtoolset-7/root/usr/lib/gcc/x86_64-redhat-linux/7/../../../../include/c++/7/backward]
  ignore line: [ /usr/local/include]
  ignore line: [ /opt/rh/llvm-toolset-7/root/usr/lib64/clang/5.0.1/include]
  ignore line: [ /usr/include]
  ignore line: [End of search list.]
  ignore line: [Linking CXX executable cmTC_2f486]
  ignore line: [/usr/local/bin/cmake -E cmake_link_script CMakeFiles/cmTC_2f486.dir/link.txt --verbose=1]
  ignore line: [/opt/rh/llvm-toolset-7/root/usr/bin/clang++  -v -rdynamic CMakeFiles/cmTC_2f486.dir/CMakeCXXCompilerABI.cpp.o -o cmTC_2f486 ]
  ignore line: [clang version 5.0.1 (tags/RELEASE_501/final)]
  ignore line: [Target: x86_64-unknown-linux-gnu]
  ignore line: [Thread model: posix]
  ignore line: [InstalledDir: /opt/rh/llvm-toolset-7/root/usr/bin]
  ignore line: [Found candidate GCC installation: /opt/rh/devtoolset-7/root/usr/lib/gcc/x86_64-redhat-linux/7]
  ignore line: [Found candidate GCC installation: /usr/lib/gcc/x86_64-redhat-linux/4.8.2]
  ignore line: [Found candidate GCC installation: /usr/lib/gcc/x86_64-redhat-linux/4.8.5]
  ignore line: [Selected GCC installation: /opt/rh/devtoolset-7/root/usr/lib/gcc/x86_64-redhat-linux/7]
  ignore line: [Candidate multilib: .]
  ignore line: [@m64]
  ignore line: [Candidate multilib: 32]
  ignore line: [@m32]
  ignore line: [Selected multilib: .]
  ignore line: [@m64]
  link line: [ "/opt/rh/devtoolset-7/root/usr/lib/gcc/x86_64-redhat-linux/7/../../../../bin/ld" -export-dynamic --hash-style=gnu --no-add-needed --build-id --eh-frame-hdr -m elf_x86_64 -export-dynamic -dynamic-linker /lib64/ld-linux-x86-64.so.2 -o cmTC_2f486 /lib/../lib64/crt1.o /lib/../lib64/crti.o /opt/rh/devtoolset-7/root/usr/lib/gcc/x86_64-redhat-linux/7/crtbegin.o -L/opt/rh/devtoolset-7/root/usr/lib/gcc/x86_64-redhat-linux/7 -L/opt/rh/devtoolset-7/root/usr/lib/gcc/x86_64-redhat-linux/7/../../../../lib64 -L/opt/rh/llvm-toolset-7/root/usr/bin/../lib64 -L/lib/../lib64 -L/usr/lib/../lib64 -L/opt/rh/devtoolset-7/root/usr/lib/gcc/x86_64-redhat-linux/7/../../.. -L/opt/rh/llvm-toolset-7/root/usr/bin/../lib -L/lib -L/usr/lib CMakeFiles/cmTC_2f486.dir/CMakeCXXCompilerABI.cpp.o -lstdc++ -lm -lgcc_s -lgcc -lc -lgcc_s -lgcc /opt/rh/devtoolset-7/root/usr/lib/gcc/x86_64-redhat-linux/7/crtend.o /lib/../lib64/crtn.o]
    arg [/opt/rh/devtoolset-7/root/usr/lib/gcc/x86_64-redhat-linux/7/../../../../bin/ld] ==> ignore
    arg [-export-dynamic] ==> ignore
    arg [--hash-style=gnu] ==> ignore
    arg [--no-add-needed] ==> ignore
    arg [--build-id] ==> ignore
    arg [--eh-frame-hdr] ==> ignore
    arg [-m] ==> ignore
    arg [elf_x86_64] ==> ignore
    arg [-export-dynamic] ==> ignore
    arg [-dynamic-linker] ==> ignore
    arg [/lib64/ld-linux-x86-64.so.2] ==> ignore
    arg [-o] ==> ignore
    arg [cmTC_2f486] ==> ignore
    arg [/lib/../lib64/crt1.o] ==> obj [/lib/../lib64/crt1.o]
    arg [/lib/../lib64/crti.o] ==> obj [/lib/../lib64/crti.o]
    arg [/opt/rh/devtoolset-7/root/usr/lib/gcc/x86_64-redhat-linux/7/crtbegin.o] ==> obj [/opt/rh/devtoolset-7/root/usr/lib/gcc/x86_64-redhat-linux/7/crtbegin.o]
    arg [-L/opt/rh/devtoolset-7/root/usr/lib/gcc/x86_64-redhat-linux/7] ==> dir [/opt/rh/devtoolset-7/root/usr/lib/gcc/x86_64-redhat-linux/7]
    arg [-L/opt/rh/devtoolset-7/root/usr/lib/gcc/x86_64-redhat-linux/7/../../../../lib64] ==> dir [/opt/rh/devtoolset-7/root/usr/lib/gcc/x86_64-redhat-linux/7/../../../../lib64]
    arg [-L/opt/rh/llvm-toolset-7/root/usr/bin/../lib64] ==> dir [/opt/rh/llvm-toolset-7/root/usr/bin/../lib64]
    arg [-L/lib/../lib64] ==> dir [/lib/../lib64]
    arg [-L/usr/lib/../lib64] ==> dir [/usr/lib/../lib64]
    arg [-L/opt/rh/devtoolset-7/root/usr/lib/gcc/x86_64-redhat-linux/7/../../..] ==> dir [/opt/rh/devtoolset-7/root/usr/lib/gcc/x86_64-redhat-linux/7/../../..]
    arg [-L/opt/rh/llvm-toolset-7/root/usr/bin/../lib] ==> dir [/opt/rh/llvm-toolset-7/root/usr/bin/../lib]
    arg [-L/lib] ==> dir [/lib]
    arg [-L/usr/lib] ==> dir [/usr/lib]
    arg [CMakeFiles/cmTC_2f486.dir/CMakeCXXCompilerABI.cpp.o] ==> ignore
    arg [-lstdc++] ==> lib [stdc++]
    arg [-lm] ==> lib [m]
    arg [-lgcc_s] ==> lib [gcc_s]
    arg [-lgcc] ==> lib [gcc]
    arg [-lc] ==> lib [c]
    arg [-lgcc_s] ==> lib [gcc_s]
    arg [-lgcc] ==> lib [gcc]
    arg [/opt/rh/devtoolset-7/root/usr/lib/gcc/x86_64-redhat-linux/7/crtend.o] ==> obj [/opt/rh/devtoolset-7/root/usr/lib/gcc/x86_64-redhat-linux/7/crtend.o]
    arg [/lib/../lib64/crtn.o] ==> obj [/lib/../lib64/crtn.o]
  collapse obj [/lib/../lib64/crt1.o] ==> [/lib64/crt1.o]
  collapse obj [/lib/../lib64/crti.o] ==> [/lib64/crti.o]
  collapse obj [/lib/../lib64/crtn.o] ==> [/lib64/crtn.o]
  collapse library dir [/opt/rh/devtoolset-7/root/usr/lib/gcc/x86_64-redhat-linux/7] ==> [/opt/rh/devtoolset-7/root/usr/lib/gcc/x86_64-redhat-linux/7]
  collapse library dir [/opt/rh/devtoolset-7/root/usr/lib/gcc/x86_64-redhat-linux/7/../../../../lib64] ==> [/opt/rh/devtoolset-7/root/usr/lib64]
  collapse library dir [/opt/rh/llvm-toolset-7/root/usr/bin/../lib64] ==> [/opt/rh/llvm-toolset-7/root/usr/lib64]
  collapse library dir [/lib/../lib64] ==> [/lib64]
  collapse library dir [/usr/lib/../lib64] ==> [/usr/lib64]
  collapse library dir [/opt/rh/devtoolset-7/root/usr/lib/gcc/x86_64-redhat-linux/7/../../..] ==> [/opt/rh/devtoolset-7/root/usr/lib]
  collapse library dir [/opt/rh/llvm-toolset-7/root/usr/bin/../lib] ==> [/opt/rh/llvm-toolset-7/root/usr/lib]
  collapse library dir [/lib] ==> [/lib]
  collapse library dir [/usr/lib] ==> [/usr/lib]
  implicit libs: [stdc++;m;gcc_s;gcc;c;gcc_s;gcc]
  implicit objs: [/lib64/crt1.o;/lib64/crti.o;/opt/rh/devtoolset-7/root/usr/lib/gcc/x86_64-redhat-linux/7/crtbegin.o;/opt/rh/devtoolset-7/root/usr/lib/gcc/x86_64-redhat-linux/7/crtend.o;/lib64/crtn.o]
  implicit dirs: [/opt/rh/devtoolset-7/root/usr/lib/gcc/x86_64-redhat-linux/7;/opt/rh/devtoolset-7/root/usr/lib64;/opt/rh/llvm-toolset-7/root/usr/lib64;/lib64;/usr/lib64;/opt/rh/devtoolset-7/root/usr/lib;/opt/rh/llvm-toolset-7/root/usr/lib;/lib;/usr/lib]
  implicit fwks: []


