Performing C SOURCE FILE Test CMAKE_HAVE_LIBC_PTHREAD failed with the following output:
Change Dir: /volvo/edb/dev/code/allinone/CMakeFiles/CMakeTmp

Run Build Command(s):/usr/bin/gmake -f Makefile cmTC_26aa0/fast && /usr/bin/gmake  -f CMakeFiles/cmTC_26aa0.dir/build.make CMakeFiles/cmTC_26aa0.dir/build
gmake[1]: Entering directory `/volvo/edb/dev/code/allinone/CMakeFiles/CMakeTmp'
Building C object CMakeFiles/cmTC_26aa0.dir/src.c.o
/opt/rh/llvm-toolset-7/root/usr/bin/clang -DCMAKE_HAVE_LIBC_PTHREAD   -MD -MT CMakeFiles/cmTC_26aa0.dir/src.c.o -MF CMakeFiles/cmTC_26aa0.dir/src.c.o.d -o CMakeFiles/cmTC_26aa0.dir/src.c.o -c /volvo/edb/dev/code/allinone/CMakeFiles/CMakeTmp/src.c
Linking C executable cmTC_26aa0
/usr/local/bin/cmake -E cmake_link_script CMakeFiles/cmTC_26aa0.dir/link.txt --verbose=1
/opt/rh/llvm-toolset-7/root/usr/bin/clang CMakeFiles/cmTC_26aa0.dir/src.c.o -o cmTC_26aa0 
CMakeFiles/cmTC_26aa0.dir/src.c.o: In function `main':
/volvo/edb/dev/code/allinone/CMakeFiles/CMakeTmp/src.c:(.text+0x25): undefined reference to `pthread_create'
/volvo/edb/dev/code/allinone/CMakeFiles/CMakeTmp/src.c:(.text+0x31): undefined reference to `pthread_detach'
/volvo/edb/dev/code/allinone/CMakeFiles/CMakeTmp/src.c:(.text+0x3d): undefined reference to `pthread_cancel'
/volvo/edb/dev/code/allinone/CMakeFiles/CMakeTmp/src.c:(.text+0x4f): undefined reference to `pthread_join'
/volvo/edb/dev/code/allinone/CMakeFiles/CMakeTmp/src.c:(.text+0x66): undefined reference to `pthread_atfork'
clang-5.0: error: linker command failed with exit code 1 (use -v to see invocation)
gmake[1]: *** [cmTC_26aa0] Error 1
gmake[1]: Leaving directory `/volvo/edb/dev/code/allinone/CMakeFiles/CMakeTmp'
gmake: *** [cmTC_26aa0/fast] Error 2


Source file was:
#include <pthread.h>

static void* test_func(void* data)
{
  return data;
}

int main(void)
{
  pthread_t thread;
  pthread_create(&thread, NULL, test_func, NULL);
  pthread_detach(thread);
  pthread_cancel(thread);
  pthread_join(thread, NULL);
  pthread_atfork(NULL, NULL, NULL);
  pthread_exit(NULL);

  return 0;
}

Determining if the function pthread_create exists in the pthreads failed with the following output:
Change Dir: /volvo/edb/dev/code/allinone/CMakeFiles/CMakeTmp

Run Build Command(s):/usr/bin/gmake -f Makefile cmTC_22420/fast && /usr/bin/gmake  -f CMakeFiles/cmTC_22420.dir/build.make CMakeFiles/cmTC_22420.dir/build
gmake[1]: Entering directory `/volvo/edb/dev/code/allinone/CMakeFiles/CMakeTmp'
Building C object CMakeFiles/cmTC_22420.dir/CheckFunctionExists.c.o
/opt/rh/llvm-toolset-7/root/usr/bin/clang   -DCHECK_FUNCTION_EXISTS=pthread_create -MD -MT CMakeFiles/cmTC_22420.dir/CheckFunctionExists.c.o -MF CMakeFiles/cmTC_22420.dir/CheckFunctionExists.c.o.d -o CMakeFiles/cmTC_22420.dir/CheckFunctionExists.c.o -c /usr/local/share/cmake-3.21/Modules/CheckFunctionExists.c
Linking C executable cmTC_22420
/usr/local/bin/cmake -E cmake_link_script CMakeFiles/cmTC_22420.dir/link.txt --verbose=1
/opt/rh/llvm-toolset-7/root/usr/bin/clang  -DCHECK_FUNCTION_EXISTS=pthread_create CMakeFiles/cmTC_22420.dir/CheckFunctionExists.c.o -o cmTC_22420  -lpthreads 
/opt/rh/devtoolset-7/root/usr/lib/gcc/x86_64-redhat-linux/7/../../../../bin/ld: cannot find -lpthreads
clang-5.0: error: linker command failed with exit code 1 (use -v to see invocation)
gmake[1]: *** [cmTC_22420] Error 1
gmake[1]: Leaving directory `/volvo/edb/dev/code/allinone/CMakeFiles/CMakeTmp'
gmake: *** [cmTC_22420/fast] Error 2



Determining if the pthread_create exist failed with the following output:
Change Dir: /volvo/edb/dev/code/allinone/CMakeFiles/CMakeTmp

Run Build Command:"/usr/bin/gmake" "cmTC_c857d/fast"
/usr/bin/gmake -f CMakeFiles/cmTC_c857d.dir/build.make CMakeFiles/cmTC_c857d.dir/build
gmake[1]: Entering directory `/volvo/edb/dev/code/allinone/CMakeFiles/CMakeTmp'
Building C object CMakeFiles/cmTC_c857d.dir/CheckSymbolExists.c.o
/opt/rh/llvm-toolset-7/root/usr/bin/clang    -fPIE   -o CMakeFiles/cmTC_c857d.dir/CheckSymbolExists.c.o   -c /volvo/edb/dev/code/allinone/CMakeFiles/CMakeTmp/CheckSymbolExists.c
Linking C executable cmTC_c857d
/opt/rh/llvm-toolset-7/root/usr/bin/cmake -E cmake_link_script CMakeFiles/cmTC_c857d.dir/link.txt --verbose=1
/opt/rh/llvm-toolset-7/root/usr/bin/clang       CMakeFiles/cmTC_c857d.dir/CheckSymbolExists.c.o  -o cmTC_c857d 
CMakeFiles/cmTC_c857d.dir/CheckSymbolExists.c.o: In function `main':
/volvo/edb/dev/code/allinone/CMakeFiles/CMakeTmp/CheckSymbolExists.c:(.text+0x7): undefined reference to `pthread_create'
clang-5.0: error: linker command failed with exit code 1 (use -v to see invocation)
gmake[1]: *** [cmTC_c857d] Error 1
gmake[1]: Leaving directory `/volvo/edb/dev/code/allinone/CMakeFiles/CMakeTmp'
gmake: *** [cmTC_c857d/fast] Error 2

File /volvo/edb/dev/code/allinone/CMakeFiles/CMakeTmp/CheckSymbolExists.c:
/* */
#include <pthread.h>

int main(int argc, char** argv)
{
  (void)argv;
#ifndef pthread_create
  return ((int*)(&pthread_create))[argc];
#else
  (void)argc;
  return 0;
#endif
}

